<?xml version="1.0" encoding="UTF-8"?>
<!-- Generated by org.testng.reporters.JUnitXMLReporter -->
<testsuite ignored="1" hostname="Minels-Laptop.lan" failures="5" tests="16" name="Login Test" time="138.149" errors="0" timestamp="2024-09-02T20:58:05 EDT">
  <testcase classname="com.neotech.lesson02.EnableAndDisable" name="thirdTest" time="0.032"/>
  <testcase classname="com.neotech.lesson02.EnableAndDisable" name="firstTest" time="0.002"/>
  <testcase classname="com.neotech.lesson02.EnableAndDisable" name="fourthTest" time="0.001"/>
  <testcase classname="com.neotech.lesson02.Homework1" name="loginValidation" time="28.413"/>
  <testcase classname="com.neotech.lesson02.Homework1" name="negativeLoginTest" time="3.647"/>
  <testcase classname="com.neotech.lesson02.SoftAssertDemo" name="logoAndLoginValidation" time="28.934">
    <failure type="java.lang.AssertionError" message="The following asserts failed:
	Logo is NOT displayed! expected [true] but found [false]">
      <![CDATA[java.lang.AssertionError: The following asserts failed:
Logo is NOT displayed! expected [true] but found [false]
at com.neotech.lesson02.SoftAssertDemo.logoAndLoginValidation(SoftAssertDemo.java:51)
at java.base/java.util.ArrayList.forEach(ArrayList.java:1511)
... Removed 29 stack frames]]>
    </failure>
  </testcase> <!-- logoAndLoginValidation -->
  <testcase classname="com.neotech.lesson02.AssertDemo" name="logoValidation" time="0.176">
    <failure type="java.lang.AssertionError" message="Logo is NOT displayed! expected [true] but found [false]">
      <![CDATA[java.lang.AssertionError: Logo is NOT displayed! expected [true] but found [false]
at com.neotech.lesson02.AssertDemo.logoValidation(AssertDemo.java:56)
at java.base/java.util.ArrayList.forEach(ArrayList.java:1511)
... Removed 30 stack frames]]>
    </failure>
  </testcase> <!-- logoValidation -->
  <testcase classname="com.neotech.lesson02.AssertDemo" name="titleValidation" time="0.036">
    <failure type="java.lang.AssertionError" message="Title does NOT MATCH!!! expected [OrangeHRM...] but found [OrangeHRM]">
      <![CDATA[java.lang.AssertionError: Title does NOT MATCH!!! expected [OrangeHRM...] but found [OrangeHRM]
at com.neotech.lesson02.AssertDemo.titleValidation(AssertDemo.java:35)
at java.base/java.util.ArrayList.forEach(ArrayList.java:1511)
... Removed 32 stack frames]]>
    </failure>
  </testcase> <!-- titleValidation -->
  <testcase classname="com.neotech.lesson02.DependsDemo" name="firstTest" time="0.002"/>
  <testcase classname="com.neotech.lesson02.DependsDemo" name="fourthTest" time="0.002">
    <failure type="java.lang.Exception">
      <![CDATA[java.lang.Exception
at com.neotech.lesson02.DependsDemo.fourthTest(DependsDemo.java:26)
at java.base/java.util.ArrayList.forEach(ArrayList.java:1511)
... Removed 27 stack frames]]>
    </failure>
  </testcase> <!-- fourthTest -->
  <testcase classname="com.neotech.lesson02.DependsDemo" name="secondTest" time="0.005">
    <failure type="java.lang.Exception">
      <![CDATA[java.lang.Exception
at com.neotech.lesson02.DependsDemo.secondTest(DependsDemo.java:15)
at java.base/java.util.ArrayList.forEach(ArrayList.java:1511)
... Removed 27 stack frames]]>
    </failure>
  </testcase> <!-- secondTest -->
  <testcase classname="com.neotech.lesson02.DependsDemo" name="thirdTest" time="0.0">
    <skipped/>
  </testcase> <!-- thirdTest -->
  <testcase classname="com.neotech.lesson02.PriorityDemo" name="thirdTest" time="0.001"/>
  <testcase classname="com.neotech.lesson02.PriorityDemo" name="firstTest" time="0.001"/>
  <testcase classname="com.neotech.lesson02.PriorityDemo" name="secondTest" time="0.0"/>
  <testcase classname="com.neotech.lesson02.PriorityDemo" name="fourthTest" time="0.0"/>
  <testcase classname="com.neotech.lesson02.EnableAndDisable" name="secondTest" time="0.0">
    <ignored/>
  </testcase> <!-- secondTest -->
</testsuite> <!-- Login Test -->
